0 info it worked if it ends with ok
1 verbose cli [ 'c:\\Program Files\\nodejs\\node.exe',
1 verbose cli   'c:\\Program Files\\nodejs\\node_modules\\npm\\bin\\npm-cli.js',
1 verbose cli   'install',
1 verbose cli   'https' ]
2 info using npm@1.4.9
3 info using node@v0.10.28
4 warn package.json querystring@0.2.0 querystring is also the name of a node core module.
5 warn package.json util@0.10.3 util is also the name of a node core module.
6 verbose readDependencies using package.json deps
7 verbose cache add [ 'https', null ]
8 verbose cache add name=undefined spec="https" args=["https",null]
9 verbose parsed url { protocol: null,
9 verbose parsed url   slashes: null,
9 verbose parsed url   auth: null,
9 verbose parsed url   host: null,
9 verbose parsed url   port: null,
9 verbose parsed url   hostname: null,
9 verbose parsed url   hash: null,
9 verbose parsed url   search: null,
9 verbose parsed url   query: null,
9 verbose parsed url   pathname: 'https',
9 verbose parsed url   path: 'https',
9 verbose parsed url   href: 'https' }
10 silly lockFile c3437dbc-https https
11 verbose lock https C:\Users\Chris\AppData\Roaming\npm-cache\c3437dbc-https.lock
12 silly lockFile c3437dbc-https https
13 silly lockFile c3437dbc-https https
14 verbose addNamed [ 'https', '' ]
15 verbose addNamed [ null, '*' ]
16 silly lockFile 421d451a-https https@
17 verbose lock https@ C:\Users\Chris\AppData\Roaming\npm-cache\421d451a-https.lock
18 silly addNameRange { name: 'https', range: '*', hasData: false }
19 verbose url raw https
20 verbose url resolving [ 'https://registry.npmjs.org/', './https' ]
21 verbose url resolved https://registry.npmjs.org/https
22 info trying registry request attempt 1 at 13:59:41
23 http GET https://registry.npmjs.org/https
24 http 404 https://registry.npmjs.org/https
25 verbose headers { date: 'Thu, 08 Jan 2015 21:59:20 GMT',
25 verbose headers   server: 'CouchDB/1.5.0 (Erlang OTP/R16B03)',
25 verbose headers   'content-type': 'application/json',
25 verbose headers   'cache-control': 'max-age=0',
25 verbose headers   'content-length': '52',
25 verbose headers   'accept-ranges': 'bytes',
25 verbose headers   via: '1.1 varnish',
25 verbose headers   age: '0',
25 verbose headers   'x-served-by': 'cache-atl6224-ATL',
25 verbose headers   'x-cache': 'MISS',
25 verbose headers   'x-cache-hits': '0',
25 verbose headers   'x-timer': 'S1420754360.625549,VS0,VE25',
25 verbose headers   'keep-alive': 'timeout=10, max=50',
25 verbose headers   connection: 'Keep-Alive' }
26 silly registry.get cb [ 404,
26 silly registry.get   { date: 'Thu, 08 Jan 2015 21:59:20 GMT',
26 silly registry.get     server: 'CouchDB/1.5.0 (Erlang OTP/R16B03)',
26 silly registry.get     'content-type': 'application/json',
26 silly registry.get     'cache-control': 'max-age=0',
26 silly registry.get     'content-length': '52',
26 silly registry.get     'accept-ranges': 'bytes',
26 silly registry.get     via: '1.1 varnish',
26 silly registry.get     age: '0',
26 silly registry.get     'x-served-by': 'cache-atl6224-ATL',
26 silly registry.get     'x-cache': 'MISS',
26 silly registry.get     'x-cache-hits': '0',
26 silly registry.get     'x-timer': 'S1420754360.625549,VS0,VE25',
26 silly registry.get     'keep-alive': 'timeout=10, max=50',
26 silly registry.get     connection: 'Keep-Alive' } ]
27 silly lockFile 421d451a-https https@
28 silly lockFile 421d451a-https https@
29 error 404 404 Not Found: https
29 error 404
29 error 404 'https' is not in the npm registry.
29 error 404 You should bug the author to publish it
29 error 404 It was specified as a dependency of 'node-js-getting-started'
29 error 404
29 error 404 Note that you can also install from a
29 error 404 tarball, folder, or http url, or git url.
30 error System Windows_NT 6.2.9200
31 error command "c:\\Program Files\\nodejs\\node.exe" "c:\\Program Files\\nodejs\\node_modules\\npm\\bin\\npm-cli.js" "install" "https"
32 error cwd c:\Users\Chris\Desktop\!!!\Code\ConcurTemp\node-js-getting-started
33 error node -v v0.10.28
34 error npm -v 1.4.9
35 error code E404
36 verbose exit [ 1, true ]
